{"message": "HTTP Request: GET http://test/health \"HTTP/1.1 200 OK\"", "trace_id": "c98bac3d77c547e393d6cdc9d611fcb3", "timestamp": "2025-08-12 23:35:19,225", "level": "INFO", "logger": "httpx", "file": "_client.py", "line": 1740, "function": "_send_single_request"}
{"message": "HTTP Request: POST http://test/ingest \"HTTP/1.1 422 Unprocessable Entity\"", "trace_id": "6d55d1925ace4e319437f241f67aff41", "timestamp": "2025-08-13 18:54:18,764", "level": "INFO", "logger": "httpx", "file": "_client.py", "line": 1740, "function": "_send_single_request"}
{"message": "HTTP Request: GET http://test/health \"HTTP/1.1 200 OK\"", "trace_id": "509a5c0072194718a195668125cb84c2", "timestamp": "2025-08-13 18:54:18,766", "level": "INFO", "logger": "httpx", "file": "_client.py", "line": 1740, "function": "_send_single_request"}
{"message": "Use pytorch device_name: mps", "trace_id": null, "timestamp": "2025-08-13 18:54:20,443", "level": "INFO", "logger": "sentence_transformers.SentenceTransformer", "file": "SentenceTransformer.py", "line": 219, "function": "__init__"}
{"message": "Load pretrained SentenceTransformer: sentence-transformers/all-MiniLM-L6-v2", "trace_id": null, "timestamp": "2025-08-13 18:54:20,443", "level": "INFO", "logger": "sentence_transformers.SentenceTransformer", "file": "SentenceTransformer.py", "line": 227, "function": "__init__"}
{"message": "Use pytorch device_name: mps", "trace_id": null, "timestamp": "2025-08-13 18:54:32,460", "level": "INFO", "logger": "sentence_transformers.SentenceTransformer", "file": "SentenceTransformer.py", "line": 219, "function": "__init__"}
{"message": "Load pretrained SentenceTransformer: sentence-transformers/all-MiniLM-L6-v2", "trace_id": null, "timestamp": "2025-08-13 18:54:32,462", "level": "INFO", "logger": "sentence_transformers.SentenceTransformer", "file": "SentenceTransformer.py", "line": 227, "function": "__init__"}
{"message": "Use pytorch device_name: mps", "trace_id": "f75ae5a895714fd0a0803f0c505ab441", "timestamp": "2025-08-13 18:55:21,507", "level": "INFO", "logger": "sentence_transformers.SentenceTransformer", "file": "SentenceTransformer.py", "line": 219, "function": "__init__"}
{"message": "Load pretrained SentenceTransformer: sentence-transformers/all-MiniLM-L6-v2", "trace_id": "f75ae5a895714fd0a0803f0c505ab441", "timestamp": "2025-08-13 18:55:21,508", "level": "INFO", "logger": "sentence_transformers.SentenceTransformer", "file": "SentenceTransformer.py", "line": 227, "function": "__init__"}
{"message": "HTTP Request: POST http://test/ingest \"HTTP/1.1 200 OK\"", "trace_id": "f75ae5a895714fd0a0803f0c505ab441", "timestamp": "2025-08-13 18:55:25,098", "level": "INFO", "logger": "httpx", "file": "_client.py", "line": 1740, "function": "_send_single_request"}
{"message": "Use pytorch device_name: mps", "trace_id": "93969df63fe74f4897dd7e2e5e1d4c0b", "timestamp": "2025-08-13 18:55:25,110", "level": "INFO", "logger": "sentence_transformers.SentenceTransformer", "file": "SentenceTransformer.py", "line": 219, "function": "__init__"}
{"message": "Load pretrained SentenceTransformer: sentence-transformers/all-MiniLM-L6-v2", "trace_id": "93969df63fe74f4897dd7e2e5e1d4c0b", "timestamp": "2025-08-13 18:55:25,110", "level": "INFO", "logger": "sentence_transformers.SentenceTransformer", "file": "SentenceTransformer.py", "line": 227, "function": "__init__"}
{"message": "HTTP Request: POST http://test/query \"HTTP/1.1 200 OK\"", "trace_id": "93969df63fe74f4897dd7e2e5e1d4c0b", "timestamp": "2025-08-13 18:55:28,543", "level": "INFO", "logger": "httpx", "file": "_client.py", "line": 1740, "function": "_send_single_request"}
{"message": "HTTP Request: GET http://test/health \"HTTP/1.1 200 OK\"", "trace_id": "dbc78ea5b09840259b17eb7f8d74bc02", "timestamp": "2025-08-13 18:55:28,545", "level": "INFO", "logger": "httpx", "file": "_client.py", "line": 1740, "function": "_send_single_request"}
{"message": "Use pytorch device_name: mps", "trace_id": null, "timestamp": "2025-08-13 18:55:28,548", "level": "INFO", "logger": "sentence_transformers.SentenceTransformer", "file": "SentenceTransformer.py", "line": 219, "function": "__init__"}
{"message": "Load pretrained SentenceTransformer: sentence-transformers/all-MiniLM-L6-v2", "trace_id": null, "timestamp": "2025-08-13 18:55:28,548", "level": "INFO", "logger": "sentence_transformers.SentenceTransformer", "file": "SentenceTransformer.py", "line": 227, "function": "__init__"}
{"message": "Use pytorch device_name: mps", "trace_id": null, "timestamp": "2025-08-13 18:55:32,081", "level": "INFO", "logger": "sentence_transformers.SentenceTransformer", "file": "SentenceTransformer.py", "line": 219, "function": "__init__"}
{"message": "Load pretrained SentenceTransformer: sentence-transformers/all-MiniLM-L6-v2", "trace_id": null, "timestamp": "2025-08-13 18:55:32,081", "level": "INFO", "logger": "sentence_transformers.SentenceTransformer", "file": "SentenceTransformer.py", "line": 227, "function": "__init__"}
{"message": "Use pytorch device_name: mps", "trace_id": "9bc2e28c9288432985768445b42530d1", "timestamp": "2025-08-13 19:01:23,420", "level": "INFO", "logger": "sentence_transformers.SentenceTransformer", "file": "SentenceTransformer.py", "line": 219, "function": "__init__"}
{"message": "Load pretrained SentenceTransformer: sentence-transformers/all-MiniLM-L6-v2", "trace_id": "9bc2e28c9288432985768445b42530d1", "timestamp": "2025-08-13 19:01:23,420", "level": "INFO", "logger": "sentence_transformers.SentenceTransformer", "file": "SentenceTransformer.py", "line": 227, "function": "__init__"}
{"message": "HTTP Request: POST http://test/ingest \"HTTP/1.1 200 OK\"", "trace_id": "9bc2e28c9288432985768445b42530d1", "timestamp": "2025-08-13 19:01:26,897", "level": "INFO", "logger": "httpx", "file": "_client.py", "line": 1740, "function": "_send_single_request"}
{"message": "Use pytorch device_name: mps", "trace_id": "7f86c487669c4b088ee2e69068ff8f4e", "timestamp": "2025-08-13 19:01:26,901", "level": "INFO", "logger": "sentence_transformers.SentenceTransformer", "file": "SentenceTransformer.py", "line": 219, "function": "__init__"}
{"message": "Load pretrained SentenceTransformer: sentence-transformers/all-MiniLM-L6-v2", "trace_id": "7f86c487669c4b088ee2e69068ff8f4e", "timestamp": "2025-08-13 19:01:26,901", "level": "INFO", "logger": "sentence_transformers.SentenceTransformer", "file": "SentenceTransformer.py", "line": 227, "function": "__init__"}
{"message": "HTTP Request: POST http://test/query \"HTTP/1.1 200 OK\"", "trace_id": "7f86c487669c4b088ee2e69068ff8f4e", "timestamp": "2025-08-13 19:01:29,974", "level": "INFO", "logger": "httpx", "file": "_client.py", "line": 1740, "function": "_send_single_request"}
{"message": "Use pytorch device_name: mps", "trace_id": "4c7d261d8f4749b898a5761e380aba5b", "timestamp": "2025-08-13 19:01:29,978", "level": "INFO", "logger": "sentence_transformers.SentenceTransformer", "file": "SentenceTransformer.py", "line": 219, "function": "__init__"}
{"message": "Load pretrained SentenceTransformer: sentence-transformers/all-MiniLM-L6-v2", "trace_id": "4c7d261d8f4749b898a5761e380aba5b", "timestamp": "2025-08-13 19:01:29,978", "level": "INFO", "logger": "sentence_transformers.SentenceTransformer", "file": "SentenceTransformer.py", "line": 227, "function": "__init__"}
{"message": "HTTP Request: POST http://test/ingest \"HTTP/1.1 200 OK\"", "trace_id": "4c7d261d8f4749b898a5761e380aba5b", "timestamp": "2025-08-13 19:01:33,970", "level": "INFO", "logger": "httpx", "file": "_client.py", "line": 1740, "function": "_send_single_request"}
{"message": "Use pytorch device_name: mps", "trace_id": "7380cdf5ea704453a0cb63d38afba321", "timestamp": "2025-08-13 19:01:33,972", "level": "INFO", "logger": "sentence_transformers.SentenceTransformer", "file": "SentenceTransformer.py", "line": 219, "function": "__init__"}
{"message": "Load pretrained SentenceTransformer: sentence-transformers/all-MiniLM-L6-v2", "trace_id": "7380cdf5ea704453a0cb63d38afba321", "timestamp": "2025-08-13 19:01:33,972", "level": "INFO", "logger": "sentence_transformers.SentenceTransformer", "file": "SentenceTransformer.py", "line": 227, "function": "__init__"}
{"message": "HTTP Request: POST http://test/query \"HTTP/1.1 200 OK\"", "trace_id": "7380cdf5ea704453a0cb63d38afba321", "timestamp": "2025-08-13 19:01:37,080", "level": "INFO", "logger": "httpx", "file": "_client.py", "line": 1740, "function": "_send_single_request"}
{"message": "HTTP Request: GET http://test/health \"HTTP/1.1 200 OK\"", "trace_id": "ac363f52b37f4f36bc555658d5665bd8", "timestamp": "2025-08-13 19:01:37,082", "level": "INFO", "logger": "httpx", "file": "_client.py", "line": 1740, "function": "_send_single_request"}
{"message": "Use pytorch device_name: mps", "trace_id": null, "timestamp": "2025-08-13 19:01:37,084", "level": "INFO", "logger": "sentence_transformers.SentenceTransformer", "file": "SentenceTransformer.py", "line": 219, "function": "__init__"}
{"message": "Load pretrained SentenceTransformer: sentence-transformers/all-MiniLM-L6-v2", "trace_id": null, "timestamp": "2025-08-13 19:01:37,084", "level": "INFO", "logger": "sentence_transformers.SentenceTransformer", "file": "SentenceTransformer.py", "line": 227, "function": "__init__"}
{"message": "Use pytorch device_name: mps", "trace_id": null, "timestamp": "2025-08-13 19:01:40,118", "level": "INFO", "logger": "sentence_transformers.SentenceTransformer", "file": "SentenceTransformer.py", "line": 219, "function": "__init__"}
{"message": "Load pretrained SentenceTransformer: sentence-transformers/all-MiniLM-L6-v2", "trace_id": null, "timestamp": "2025-08-13 19:01:40,118", "level": "INFO", "logger": "sentence_transformers.SentenceTransformer", "file": "SentenceTransformer.py", "line": 227, "function": "__init__"}
{"message": "Use pytorch device_name: mps", "trace_id": "b2af856317784f0db5aea4c1b45fd3af", "timestamp": "2025-08-13 19:02:35,162", "level": "INFO", "logger": "sentence_transformers.SentenceTransformer", "file": "SentenceTransformer.py", "line": 219, "function": "__init__"}
{"message": "Load pretrained SentenceTransformer: sentence-transformers/all-MiniLM-L6-v2", "trace_id": "b2af856317784f0db5aea4c1b45fd3af", "timestamp": "2025-08-13 19:02:35,163", "level": "INFO", "logger": "sentence_transformers.SentenceTransformer", "file": "SentenceTransformer.py", "line": 227, "function": "__init__"}
{"message": "HTTP Request: POST http://test/ingest \"HTTP/1.1 200 OK\"", "trace_id": "b2af856317784f0db5aea4c1b45fd3af", "timestamp": "2025-08-13 19:02:38,673", "level": "INFO", "logger": "httpx", "file": "_client.py", "line": 1740, "function": "_send_single_request"}
{"message": "Use pytorch device_name: mps", "trace_id": "0c927ecf1f26408e8e5030e6a92e64d1", "timestamp": "2025-08-13 19:02:38,676", "level": "INFO", "logger": "sentence_transformers.SentenceTransformer", "file": "SentenceTransformer.py", "line": 219, "function": "__init__"}
{"message": "Load pretrained SentenceTransformer: sentence-transformers/all-MiniLM-L6-v2", "trace_id": "0c927ecf1f26408e8e5030e6a92e64d1", "timestamp": "2025-08-13 19:02:38,676", "level": "INFO", "logger": "sentence_transformers.SentenceTransformer", "file": "SentenceTransformer.py", "line": 227, "function": "__init__"}
{"message": "HTTP Request: POST http://test/query \"HTTP/1.1 200 OK\"", "trace_id": "0c927ecf1f26408e8e5030e6a92e64d1", "timestamp": "2025-08-13 19:02:42,075", "level": "INFO", "logger": "httpx", "file": "_client.py", "line": 1740, "function": "_send_single_request"}
{"message": "Use pytorch device_name: mps", "trace_id": "999fd880b0c347f58423e85e0d844d94", "timestamp": "2025-08-13 19:02:42,079", "level": "INFO", "logger": "sentence_transformers.SentenceTransformer", "file": "SentenceTransformer.py", "line": 219, "function": "__init__"}
{"message": "Load pretrained SentenceTransformer: sentence-transformers/all-MiniLM-L6-v2", "trace_id": "999fd880b0c347f58423e85e0d844d94", "timestamp": "2025-08-13 19:02:42,079", "level": "INFO", "logger": "sentence_transformers.SentenceTransformer", "file": "SentenceTransformer.py", "line": 227, "function": "__init__"}
{"message": "HTTP Request: POST http://test/ingest \"HTTP/1.1 200 OK\"", "trace_id": "999fd880b0c347f58423e85e0d844d94", "timestamp": "2025-08-13 19:02:45,106", "level": "INFO", "logger": "httpx", "file": "_client.py", "line": 1740, "function": "_send_single_request"}
{"message": "Use pytorch device_name: mps", "trace_id": "0df91aca92a54c378b2c9aba97d6c7be", "timestamp": "2025-08-13 19:02:45,107", "level": "INFO", "logger": "sentence_transformers.SentenceTransformer", "file": "SentenceTransformer.py", "line": 219, "function": "__init__"}
{"message": "Load pretrained SentenceTransformer: sentence-transformers/all-MiniLM-L6-v2", "trace_id": "0df91aca92a54c378b2c9aba97d6c7be", "timestamp": "2025-08-13 19:02:45,108", "level": "INFO", "logger": "sentence_transformers.SentenceTransformer", "file": "SentenceTransformer.py", "line": 227, "function": "__init__"}
{"message": "HTTP Request: POST http://test/query \"HTTP/1.1 200 OK\"", "trace_id": "0df91aca92a54c378b2c9aba97d6c7be", "timestamp": "2025-08-13 19:03:01,652", "level": "INFO", "logger": "httpx", "file": "_client.py", "line": 1740, "function": "_send_single_request"}
{"message": "HTTP Request: GET http://test/health \"HTTP/1.1 200 OK\"", "trace_id": "a75904bc9ea342438e7b9380c9afe47d", "timestamp": "2025-08-13 19:03:01,654", "level": "INFO", "logger": "httpx", "file": "_client.py", "line": 1740, "function": "_send_single_request"}
{"message": "Use pytorch device_name: mps", "trace_id": null, "timestamp": "2025-08-13 19:03:01,657", "level": "INFO", "logger": "sentence_transformers.SentenceTransformer", "file": "SentenceTransformer.py", "line": 219, "function": "__init__"}
{"message": "Load pretrained SentenceTransformer: sentence-transformers/all-MiniLM-L6-v2", "trace_id": null, "timestamp": "2025-08-13 19:03:01,657", "level": "INFO", "logger": "sentence_transformers.SentenceTransformer", "file": "SentenceTransformer.py", "line": 227, "function": "__init__"}
{"message": "Use pytorch device_name: mps", "trace_id": null, "timestamp": "2025-08-13 19:03:05,000", "level": "INFO", "logger": "sentence_transformers.SentenceTransformer", "file": "SentenceTransformer.py", "line": 219, "function": "__init__"}
{"message": "Load pretrained SentenceTransformer: sentence-transformers/all-MiniLM-L6-v2", "trace_id": null, "timestamp": "2025-08-13 19:03:05,000", "level": "INFO", "logger": "sentence_transformers.SentenceTransformer", "file": "SentenceTransformer.py", "line": 227, "function": "__init__"}
{"message": "Use pytorch device_name: mps", "trace_id": "35b00c6995f844768754de84966548dc", "timestamp": "2025-08-13 19:04:52,147", "level": "INFO", "logger": "sentence_transformers.SentenceTransformer", "file": "SentenceTransformer.py", "line": 219, "function": "__init__"}
{"message": "Load pretrained SentenceTransformer: sentence-transformers/all-MiniLM-L6-v2", "trace_id": "35b00c6995f844768754de84966548dc", "timestamp": "2025-08-13 19:04:52,148", "level": "INFO", "logger": "sentence_transformers.SentenceTransformer", "file": "SentenceTransformer.py", "line": 227, "function": "__init__"}
{"message": "HTTP Request: POST http://test/ingest \"HTTP/1.1 200 OK\"", "trace_id": "35b00c6995f844768754de84966548dc", "timestamp": "2025-08-13 19:04:55,899", "level": "INFO", "logger": "httpx", "file": "_client.py", "line": 1740, "function": "_send_single_request"}
{"message": "Use pytorch device_name: mps", "trace_id": "3ed50b4955ef4a3eac2ea87311262a4e", "timestamp": "2025-08-13 19:04:55,906", "level": "INFO", "logger": "sentence_transformers.SentenceTransformer", "file": "SentenceTransformer.py", "line": 219, "function": "__init__"}
{"message": "Load pretrained SentenceTransformer: sentence-transformers/all-MiniLM-L6-v2", "trace_id": "3ed50b4955ef4a3eac2ea87311262a4e", "timestamp": "2025-08-13 19:04:55,906", "level": "INFO", "logger": "sentence_transformers.SentenceTransformer", "file": "SentenceTransformer.py", "line": 227, "function": "__init__"}
{"message": "HTTP Request: POST http://test/query \"HTTP/1.1 200 OK\"", "trace_id": "3ed50b4955ef4a3eac2ea87311262a4e", "timestamp": "2025-08-13 19:04:59,235", "level": "INFO", "logger": "httpx", "file": "_client.py", "line": 1740, "function": "_send_single_request"}
{"message": "Use pytorch device_name: mps", "trace_id": "517243b3c63a46a99451205b2c07495e", "timestamp": "2025-08-13 19:04:59,239", "level": "INFO", "logger": "sentence_transformers.SentenceTransformer", "file": "SentenceTransformer.py", "line": 219, "function": "__init__"}
{"message": "Load pretrained SentenceTransformer: sentence-transformers/all-MiniLM-L6-v2", "trace_id": "517243b3c63a46a99451205b2c07495e", "timestamp": "2025-08-13 19:04:59,239", "level": "INFO", "logger": "sentence_transformers.SentenceTransformer", "file": "SentenceTransformer.py", "line": 227, "function": "__init__"}
{"message": "HTTP Request: POST http://test/ingest \"HTTP/1.1 200 OK\"", "trace_id": "517243b3c63a46a99451205b2c07495e", "timestamp": "2025-08-13 19:05:02,827", "level": "INFO", "logger": "httpx", "file": "_client.py", "line": 1740, "function": "_send_single_request"}
{"message": "Use pytorch device_name: mps", "trace_id": "b1ccbe370bb94b98953269d7691a4649", "timestamp": "2025-08-13 19:05:02,829", "level": "INFO", "logger": "sentence_transformers.SentenceTransformer", "file": "SentenceTransformer.py", "line": 219, "function": "__init__"}
{"message": "Load pretrained SentenceTransformer: sentence-transformers/all-MiniLM-L6-v2", "trace_id": "b1ccbe370bb94b98953269d7691a4649", "timestamp": "2025-08-13 19:05:02,829", "level": "INFO", "logger": "sentence_transformers.SentenceTransformer", "file": "SentenceTransformer.py", "line": 227, "function": "__init__"}
{"message": "HTTP Request: POST http://test/query \"HTTP/1.1 200 OK\"", "trace_id": "b1ccbe370bb94b98953269d7691a4649", "timestamp": "2025-08-13 19:05:06,010", "level": "INFO", "logger": "httpx", "file": "_client.py", "line": 1740, "function": "_send_single_request"}
{"message": "HTTP Request: GET http://test/health \"HTTP/1.1 200 OK\"", "trace_id": "ec44891f19f9490388ca115ab8665fa2", "timestamp": "2025-08-13 19:05:06,011", "level": "INFO", "logger": "httpx", "file": "_client.py", "line": 1740, "function": "_send_single_request"}
{"message": "Use pytorch device_name: mps", "trace_id": null, "timestamp": "2025-08-13 19:05:06,014", "level": "INFO", "logger": "sentence_transformers.SentenceTransformer", "file": "SentenceTransformer.py", "line": 219, "function": "__init__"}
{"message": "Load pretrained SentenceTransformer: sentence-transformers/all-MiniLM-L6-v2", "trace_id": null, "timestamp": "2025-08-13 19:05:06,014", "level": "INFO", "logger": "sentence_transformers.SentenceTransformer", "file": "SentenceTransformer.py", "line": 227, "function": "__init__"}
{"message": "Use pytorch device_name: mps", "trace_id": null, "timestamp": "2025-08-13 19:05:09,534", "level": "INFO", "logger": "sentence_transformers.SentenceTransformer", "file": "SentenceTransformer.py", "line": 219, "function": "__init__"}
{"message": "Load pretrained SentenceTransformer: sentence-transformers/all-MiniLM-L6-v2", "trace_id": null, "timestamp": "2025-08-13 19:05:09,534", "level": "INFO", "logger": "sentence_transformers.SentenceTransformer", "file": "SentenceTransformer.py", "line": 227, "function": "__init__"}
{"message": "Use pytorch device_name: mps", "trace_id": "6594799279954e0c8afb9a296f518a4c", "timestamp": "2025-08-13 19:26:58,093", "level": "INFO", "logger": "sentence_transformers.SentenceTransformer", "file": "SentenceTransformer.py", "line": 219, "function": "__init__"}
{"message": "Load pretrained SentenceTransformer: sentence-transformers/all-MiniLM-L6-v2", "trace_id": "6594799279954e0c8afb9a296f518a4c", "timestamp": "2025-08-13 19:26:58,093", "level": "INFO", "logger": "sentence_transformers.SentenceTransformer", "file": "SentenceTransformer.py", "line": 227, "function": "__init__"}
{"message": "HTTP Request: POST http://test/ingest \"HTTP/1.1 200 OK\"", "trace_id": "6594799279954e0c8afb9a296f518a4c", "timestamp": "2025-08-13 19:27:01,769", "level": "INFO", "logger": "httpx", "file": "_client.py", "line": 1740, "function": "_send_single_request"}
{"message": "Use pytorch device_name: mps", "trace_id": "209ad09670224cbf9b8564330f96742c", "timestamp": "2025-08-13 19:27:01,772", "level": "INFO", "logger": "sentence_transformers.SentenceTransformer", "file": "SentenceTransformer.py", "line": 219, "function": "__init__"}
{"message": "Load pretrained SentenceTransformer: sentence-transformers/all-MiniLM-L6-v2", "trace_id": "209ad09670224cbf9b8564330f96742c", "timestamp": "2025-08-13 19:27:01,772", "level": "INFO", "logger": "sentence_transformers.SentenceTransformer", "file": "SentenceTransformer.py", "line": 227, "function": "__init__"}
{"message": "HTTP Request: POST http://test/query \"HTTP/1.1 200 OK\"", "trace_id": "209ad09670224cbf9b8564330f96742c", "timestamp": "2025-08-13 19:27:04,730", "level": "INFO", "logger": "httpx", "file": "_client.py", "line": 1740, "function": "_send_single_request"}
{"message": "Use pytorch device_name: mps", "trace_id": "5a96576e838640b39400c4e7067712fb", "timestamp": "2025-08-13 19:27:04,734", "level": "INFO", "logger": "sentence_transformers.SentenceTransformer", "file": "SentenceTransformer.py", "line": 219, "function": "__init__"}
{"message": "Load pretrained SentenceTransformer: sentence-transformers/all-MiniLM-L6-v2", "trace_id": "5a96576e838640b39400c4e7067712fb", "timestamp": "2025-08-13 19:27:04,734", "level": "INFO", "logger": "sentence_transformers.SentenceTransformer", "file": "SentenceTransformer.py", "line": 227, "function": "__init__"}
{"message": "HTTP Request: POST http://test/ingest \"HTTP/1.1 200 OK\"", "trace_id": "5a96576e838640b39400c4e7067712fb", "timestamp": "2025-08-13 19:27:08,316", "level": "INFO", "logger": "httpx", "file": "_client.py", "line": 1740, "function": "_send_single_request"}
{"message": "Use pytorch device_name: mps", "trace_id": "97a4cb2e531d4fa498bf13f4ecde06ba", "timestamp": "2025-08-13 19:27:08,318", "level": "INFO", "logger": "sentence_transformers.SentenceTransformer", "file": "SentenceTransformer.py", "line": 219, "function": "__init__"}
{"message": "Load pretrained SentenceTransformer: sentence-transformers/all-MiniLM-L6-v2", "trace_id": "97a4cb2e531d4fa498bf13f4ecde06ba", "timestamp": "2025-08-13 19:27:08,318", "level": "INFO", "logger": "sentence_transformers.SentenceTransformer", "file": "SentenceTransformer.py", "line": 227, "function": "__init__"}
{"message": "HTTP Request: POST http://test/query \"HTTP/1.1 200 OK\"", "trace_id": "97a4cb2e531d4fa498bf13f4ecde06ba", "timestamp": "2025-08-13 19:27:11,236", "level": "INFO", "logger": "httpx", "file": "_client.py", "line": 1740, "function": "_send_single_request"}
{"message": "HTTP Request: GET http://test/health \"HTTP/1.1 200 OK\"", "trace_id": "0e34b8e780a347bf8e01fc991c7155d6", "timestamp": "2025-08-13 19:27:11,237", "level": "INFO", "logger": "httpx", "file": "_client.py", "line": 1740, "function": "_send_single_request"}
{"message": "Use pytorch device_name: mps", "trace_id": null, "timestamp": "2025-08-13 19:27:11,240", "level": "INFO", "logger": "sentence_transformers.SentenceTransformer", "file": "SentenceTransformer.py", "line": 219, "function": "__init__"}
{"message": "Load pretrained SentenceTransformer: sentence-transformers/all-MiniLM-L6-v2", "trace_id": null, "timestamp": "2025-08-13 19:27:11,240", "level": "INFO", "logger": "sentence_transformers.SentenceTransformer", "file": "SentenceTransformer.py", "line": 227, "function": "__init__"}
{"message": "Use pytorch device_name: mps", "trace_id": null, "timestamp": "2025-08-13 19:27:14,239", "level": "INFO", "logger": "sentence_transformers.SentenceTransformer", "file": "SentenceTransformer.py", "line": 219, "function": "__init__"}
{"message": "Load pretrained SentenceTransformer: sentence-transformers/all-MiniLM-L6-v2", "trace_id": null, "timestamp": "2025-08-13 19:27:14,240", "level": "INFO", "logger": "sentence_transformers.SentenceTransformer", "file": "SentenceTransformer.py", "line": 227, "function": "__init__"}
{"message": "Use pytorch device_name: mps", "trace_id": "16491a5ca3804ef88e7d9f8633cd85a0", "timestamp": "2025-08-13 19:33:15,396", "level": "INFO", "logger": "sentence_transformers.SentenceTransformer", "file": "SentenceTransformer.py", "line": 219, "function": "__init__"}
{"message": "Load pretrained SentenceTransformer: sentence-transformers/all-MiniLM-L6-v2", "trace_id": "16491a5ca3804ef88e7d9f8633cd85a0", "timestamp": "2025-08-13 19:33:15,396", "level": "INFO", "logger": "sentence_transformers.SentenceTransformer", "file": "SentenceTransformer.py", "line": 227, "function": "__init__"}
{"message": "HTTP Request: POST http://test/ingest \"HTTP/1.1 200 OK\"", "trace_id": "16491a5ca3804ef88e7d9f8633cd85a0", "timestamp": "2025-08-13 19:33:19,267", "level": "INFO", "logger": "httpx", "file": "_client.py", "line": 1740, "function": "_send_single_request"}
{"message": "Use pytorch device_name: mps", "trace_id": "dcef7e99384e4153a64313bb93d26d93", "timestamp": "2025-08-13 19:33:19,268", "level": "INFO", "logger": "sentence_transformers.SentenceTransformer", "file": "SentenceTransformer.py", "line": 219, "function": "__init__"}
{"message": "Load pretrained SentenceTransformer: sentence-transformers/all-MiniLM-L6-v2", "trace_id": "dcef7e99384e4153a64313bb93d26d93", "timestamp": "2025-08-13 19:33:19,269", "level": "INFO", "logger": "sentence_transformers.SentenceTransformer", "file": "SentenceTransformer.py", "line": 227, "function": "__init__"}
{"message": "Use pytorch device: mps", "trace_id": "dcef7e99384e4153a64313bb93d26d93", "timestamp": "2025-08-13 19:33:31,344", "level": "INFO", "logger": "sentence_transformers.cross_encoder.CrossEncoder", "file": "CrossEncoder.py", "line": 222, "function": "__init__"}
{"message": "HTTP Request: POST http://test/query \"HTTP/1.1 200 OK\"", "trace_id": "dcef7e99384e4153a64313bb93d26d93", "timestamp": "2025-08-13 19:33:32,236", "level": "INFO", "logger": "httpx", "file": "_client.py", "line": 1740, "function": "_send_single_request"}
{"message": "Use pytorch device_name: mps", "trace_id": "a8121954f467440eac8eb25a7295d73d", "timestamp": "2025-08-13 19:33:32,240", "level": "INFO", "logger": "sentence_transformers.SentenceTransformer", "file": "SentenceTransformer.py", "line": 219, "function": "__init__"}
{"message": "Load pretrained SentenceTransformer: sentence-transformers/all-MiniLM-L6-v2", "trace_id": "a8121954f467440eac8eb25a7295d73d", "timestamp": "2025-08-13 19:33:32,240", "level": "INFO", "logger": "sentence_transformers.SentenceTransformer", "file": "SentenceTransformer.py", "line": 227, "function": "__init__"}
{"message": "HTTP Request: POST http://test/ingest \"HTTP/1.1 200 OK\"", "trace_id": "a8121954f467440eac8eb25a7295d73d", "timestamp": "2025-08-13 19:33:35,253", "level": "INFO", "logger": "httpx", "file": "_client.py", "line": 1740, "function": "_send_single_request"}
{"message": "Use pytorch device_name: mps", "trace_id": "56270cd2576b4ce0bb8abf310345fd63", "timestamp": "2025-08-13 19:33:35,255", "level": "INFO", "logger": "sentence_transformers.SentenceTransformer", "file": "SentenceTransformer.py", "line": 219, "function": "__init__"}
{"message": "Load pretrained SentenceTransformer: sentence-transformers/all-MiniLM-L6-v2", "trace_id": "56270cd2576b4ce0bb8abf310345fd63", "timestamp": "2025-08-13 19:33:35,255", "level": "INFO", "logger": "sentence_transformers.SentenceTransformer", "file": "SentenceTransformer.py", "line": 227, "function": "__init__"}
{"message": "HTTP Request: POST http://test/query \"HTTP/1.1 200 OK\"", "trace_id": "56270cd2576b4ce0bb8abf310345fd63", "timestamp": "2025-08-13 19:33:38,176", "level": "INFO", "logger": "httpx", "file": "_client.py", "line": 1740, "function": "_send_single_request"}
{"message": "Use pytorch device_name: mps", "trace_id": "e351d93e722646fcb46b7f7b2281343b", "timestamp": "2025-08-13 19:33:38,179", "level": "INFO", "logger": "sentence_transformers.SentenceTransformer", "file": "SentenceTransformer.py", "line": 219, "function": "__init__"}
{"message": "Load pretrained SentenceTransformer: sentence-transformers/all-MiniLM-L6-v2", "trace_id": "e351d93e722646fcb46b7f7b2281343b", "timestamp": "2025-08-13 19:33:38,179", "level": "INFO", "logger": "sentence_transformers.SentenceTransformer", "file": "SentenceTransformer.py", "line": 227, "function": "__init__"}
{"message": "HTTP Request: POST http://test/ingest \"HTTP/1.1 200 OK\"", "trace_id": "e351d93e722646fcb46b7f7b2281343b", "timestamp": "2025-08-13 19:33:41,148", "level": "INFO", "logger": "httpx", "file": "_client.py", "line": 1740, "function": "_send_single_request"}
{"message": "Use pytorch device_name: mps", "trace_id": "a7d8890fd17b4f7db87c2dcf892c4355", "timestamp": "2025-08-13 19:33:41,149", "level": "INFO", "logger": "sentence_transformers.SentenceTransformer", "file": "SentenceTransformer.py", "line": 219, "function": "__init__"}
{"message": "Load pretrained SentenceTransformer: sentence-transformers/all-MiniLM-L6-v2", "trace_id": "a7d8890fd17b4f7db87c2dcf892c4355", "timestamp": "2025-08-13 19:33:41,149", "level": "INFO", "logger": "sentence_transformers.SentenceTransformer", "file": "SentenceTransformer.py", "line": 227, "function": "__init__"}
{"message": "HTTP Request: POST http://test/query \"HTTP/1.1 200 OK\"", "trace_id": "a7d8890fd17b4f7db87c2dcf892c4355", "timestamp": "2025-08-13 19:33:44,398", "level": "INFO", "logger": "httpx", "file": "_client.py", "line": 1740, "function": "_send_single_request"}
{"message": "HTTP Request: GET http://test/health \"HTTP/1.1 200 OK\"", "trace_id": "fa1725aec24e4281b389cec443a8b8f6", "timestamp": "2025-08-13 19:33:44,400", "level": "INFO", "logger": "httpx", "file": "_client.py", "line": 1740, "function": "_send_single_request"}
{"message": "Use pytorch device_name: mps", "trace_id": null, "timestamp": "2025-08-13 19:33:44,402", "level": "INFO", "logger": "sentence_transformers.SentenceTransformer", "file": "SentenceTransformer.py", "line": 219, "function": "__init__"}
{"message": "Load pretrained SentenceTransformer: sentence-transformers/all-MiniLM-L6-v2", "trace_id": null, "timestamp": "2025-08-13 19:33:44,402", "level": "INFO", "logger": "sentence_transformers.SentenceTransformer", "file": "SentenceTransformer.py", "line": 227, "function": "__init__"}
{"message": "Use pytorch device_name: mps", "trace_id": null, "timestamp": "2025-08-13 19:33:48,006", "level": "INFO", "logger": "sentence_transformers.SentenceTransformer", "file": "SentenceTransformer.py", "line": 219, "function": "__init__"}
{"message": "Load pretrained SentenceTransformer: sentence-transformers/all-MiniLM-L6-v2", "trace_id": null, "timestamp": "2025-08-13 19:33:48,006", "level": "INFO", "logger": "sentence_transformers.SentenceTransformer", "file": "SentenceTransformer.py", "line": 227, "function": "__init__"}
